2025-04-16 07:33:10 - Starting Application using Java 20.0.1 with PID 4444 (F:\SBMS\SBMS-GIT\SBMS\51-SBMS-RestTemplate\target\classes started by Jadi kumar in F:\SBMS\SBMS-GIT\SBMS\51-SBMS-RestTemplate)
2025-04-16 07:33:10 - No active profile set, falling back to 1 default profile: "default"
2025-04-16 07:33:12 - Bootstrapping Spring Data JPA repositories in DEFAULT mode.
2025-04-16 07:33:12 - Finished Spring Data repository scanning in 32 ms. Found 0 JPA repository interfaces.
2025-04-16 07:33:13 - Tomcat initialized with port 8080 (http)
2025-04-16 07:33:13 - Initializing ProtocolHandler ["http-nio-8080"]
2025-04-16 07:33:13 - Starting service [Tomcat]
2025-04-16 07:33:13 - Starting Servlet engine: [Apache Tomcat/10.1.39]
2025-04-16 07:33:13 - Initializing Spring embedded WebApplicationContext
2025-04-16 07:33:13 - Root WebApplicationContext: initialization completed in 3113 ms
2025-04-16 07:33:14 - Exception encountered during context initialization - cancelling refresh attempt: org.springframework.beans.factory.BeanCreationException: Error creating bean with name 'entityManagerFactory' defined in class path resource [org/springframework/boot/autoconfigure/orm/jpa/HibernateJpaConfiguration.class]: Failed to initialize dependency 'dataSourceScriptDatabaseInitializer' of LoadTimeWeaverAware bean 'entityManagerFactory': Error creating bean with name 'dataSourceScriptDatabaseInitializer' defined in class path resource [org/springframework/boot/autoconfigure/sql/init/DataSourceInitializationConfiguration.class]: Unsatisfied dependency expressed through method 'dataSourceScriptDatabaseInitializer' parameter 0: Error creating bean with name 'dataSource' defined in class path resource [org/springframework/boot/autoconfigure/jdbc/DataSourceConfiguration$Hikari.class]: Failed to instantiate [com.zaxxer.hikari.HikariDataSource]: Factory method 'dataSource' threw exception with message: Failed to determine a suitable driver class
2025-04-16 07:33:14 - Stopping service [Tomcat]
2025-04-16 07:33:14 - 

Error starting ApplicationContext. To display the condition evaluation report re-run your application with 'debug' enabled.
2025-04-16 07:33:14 - 

***************************
APPLICATION FAILED TO START
***************************

Description:

Failed to configure a DataSource: 'url' attribute is not specified and no embedded datasource could be configured.

Reason: Failed to determine a suitable driver class


Action:

Consider the following:
	If you want an embedded database (H2, HSQL or Derby), please put it on the classpath.
	If you have database settings to be loaded from a particular profile you may need to activate it (no profiles are currently active).

2025-04-16 07:35:39 - Starting Application using Java 20.0.1 with PID 20024 (F:\SBMS\SBMS-GIT\SBMS\51-SBMS-RestTemplate\target\classes started by Jadi kumar in F:\SBMS\SBMS-GIT\SBMS\51-SBMS-RestTemplate)
2025-04-16 07:35:39 - No active profile set, falling back to 1 default profile: "default"
2025-04-16 07:35:40 - Bootstrapping Spring Data JPA repositories in DEFAULT mode.
2025-04-16 07:35:40 - Finished Spring Data repository scanning in 33 ms. Found 0 JPA repository interfaces.
2025-04-16 07:35:42 - Tomcat initialized with port 8080 (http)
2025-04-16 07:35:42 - Initializing ProtocolHandler ["http-nio-8080"]
2025-04-16 07:35:42 - Starting service [Tomcat]
2025-04-16 07:35:42 - Starting Servlet engine: [Apache Tomcat/10.1.39]
2025-04-16 07:35:42 - Initializing Spring embedded WebApplicationContext
2025-04-16 07:35:42 - Root WebApplicationContext: initialization completed in 3252 ms
2025-04-16 07:35:42 - Exception encountered during context initialization - cancelling refresh attempt: org.springframework.beans.factory.BeanCreationException: Error creating bean with name 'entityManagerFactory' defined in class path resource [org/springframework/boot/autoconfigure/orm/jpa/HibernateJpaConfiguration.class]: Failed to initialize dependency 'dataSourceScriptDatabaseInitializer' of LoadTimeWeaverAware bean 'entityManagerFactory': Error creating bean with name 'dataSourceScriptDatabaseInitializer' defined in class path resource [org/springframework/boot/autoconfigure/sql/init/DataSourceInitializationConfiguration.class]: Unsatisfied dependency expressed through method 'dataSourceScriptDatabaseInitializer' parameter 0: Error creating bean with name 'dataSource' defined in class path resource [org/springframework/boot/autoconfigure/jdbc/DataSourceConfiguration$Hikari.class]: Failed to instantiate [com.zaxxer.hikari.HikariDataSource]: Factory method 'dataSource' threw exception with message: Failed to determine a suitable driver class
2025-04-16 07:35:42 - Stopping service [Tomcat]
2025-04-16 07:35:42 - 

Error starting ApplicationContext. To display the condition evaluation report re-run your application with 'debug' enabled.
2025-04-16 07:35:42 - 

***************************
APPLICATION FAILED TO START
***************************

Description:

Failed to configure a DataSource: 'url' attribute is not specified and no embedded datasource could be configured.

Reason: Failed to determine a suitable driver class


Action:

Consider the following:
	If you want an embedded database (H2, HSQL or Derby), please put it on the classpath.
	If you have database settings to be loaded from a particular profile you may need to activate it (no profiles are currently active).

2025-04-16 07:36:24 - Starting Application using Java 20.0.1 with PID 21668 (F:\SBMS\SBMS-GIT\SBMS\51-SBMS-RestTemplate\target\classes started by Jadi kumar in F:\SBMS\SBMS-GIT\SBMS\51-SBMS-RestTemplate)
2025-04-16 07:36:24 - No active profile set, falling back to 1 default profile: "default"
2025-04-16 07:36:25 - Bootstrapping Spring Data JPA repositories in DEFAULT mode.
2025-04-16 07:36:25 - Finished Spring Data repository scanning in 25 ms. Found 0 JPA repository interfaces.
2025-04-16 07:36:26 - Tomcat initialized with port 8080 (http)
2025-04-16 07:36:26 - Initializing ProtocolHandler ["http-nio-8080"]
2025-04-16 07:36:26 - Starting service [Tomcat]
2025-04-16 07:36:26 - Starting Servlet engine: [Apache Tomcat/10.1.39]
2025-04-16 07:36:26 - Initializing Spring embedded WebApplicationContext
2025-04-16 07:36:26 - Root WebApplicationContext: initialization completed in 2286 ms
2025-04-16 07:36:26 - Exception encountered during context initialization - cancelling refresh attempt: org.springframework.beans.factory.BeanCreationException: Error creating bean with name 'entityManagerFactory' defined in class path resource [org/springframework/boot/autoconfigure/orm/jpa/HibernateJpaConfiguration.class]: Failed to initialize dependency 'dataSourceScriptDatabaseInitializer' of LoadTimeWeaverAware bean 'entityManagerFactory': Error creating bean with name 'dataSourceScriptDatabaseInitializer' defined in class path resource [org/springframework/boot/autoconfigure/sql/init/DataSourceInitializationConfiguration.class]: Unsatisfied dependency expressed through method 'dataSourceScriptDatabaseInitializer' parameter 0: Error creating bean with name 'dataSource' defined in class path resource [org/springframework/boot/autoconfigure/jdbc/DataSourceConfiguration$Hikari.class]: Failed to instantiate [com.zaxxer.hikari.HikariDataSource]: Factory method 'dataSource' threw exception with message: Failed to determine a suitable driver class
2025-04-16 07:36:26 - Stopping service [Tomcat]
2025-04-16 07:36:26 - 

Error starting ApplicationContext. To display the condition evaluation report re-run your application with 'debug' enabled.
2025-04-16 07:36:26 - 

***************************
APPLICATION FAILED TO START
***************************

Description:

Failed to configure a DataSource: 'url' attribute is not specified and no embedded datasource could be configured.

Reason: Failed to determine a suitable driver class


Action:

Consider the following:
	If you want an embedded database (H2, HSQL or Derby), please put it on the classpath.
	If you have database settings to be loaded from a particular profile you may need to activate it (no profiles are currently active).

2025-04-16T07:42:05.799+05:30  INFO 24856 --- [51-SBMS-RestTemplate] [main] com.naveen.Application                   : Starting Application using Java 20.0.1 with PID 24856 (F:\SBMS\SBMS-GIT\SBMS\51-SBMS-RestTemplate\target\classes started by Jadi kumar in F:\SBMS\SBMS-GIT\SBMS\51-SBMS-RestTemplate)
2025-04-16T07:42:05.882+05:30  INFO 24856 --- [51-SBMS-RestTemplate] [main] com.naveen.Application                   : No active profile set, falling back to 1 default profile: "default"
2025-04-16T07:42:08.033+05:30  INFO 24856 --- [51-SBMS-RestTemplate] [main] .s.d.r.c.RepositoryConfigurationDelegate : Bootstrapping Spring Data JPA repositories in DEFAULT mode.
2025-04-16T07:42:08.103+05:30  INFO 24856 --- [51-SBMS-RestTemplate] [main] .s.d.r.c.RepositoryConfigurationDelegate : Finished Spring Data repository scanning in 24 ms. Found 0 JPA repository interfaces.
2025-04-16T07:42:10.102+05:30  INFO 24856 --- [51-SBMS-RestTemplate] [main] o.s.b.w.embedded.tomcat.TomcatWebServer  : Tomcat initialized with port 8080 (http)
2025-04-16T07:42:10.146+05:30  INFO 24856 --- [51-SBMS-RestTemplate] [main] o.apache.catalina.core.StandardService   : Starting service [Tomcat]
2025-04-16T07:42:10.147+05:30  INFO 24856 --- [51-SBMS-RestTemplate] [main] o.apache.catalina.core.StandardEngine    : Starting Servlet engine: [Apache Tomcat/10.1.39]
2025-04-16T07:42:10.346+05:30  INFO 24856 --- [51-SBMS-RestTemplate] [main] o.a.c.c.C.[Tomcat].[localhost].[/]       : Initializing Spring embedded WebApplicationContext
2025-04-16T07:42:10.347+05:30  INFO 24856 --- [51-SBMS-RestTemplate] [main] w.s.c.ServletWebServerApplicationContext : Root WebApplicationContext: initialization completed in 4333 ms
2025-04-16T07:42:10.536+05:30  WARN 24856 --- [51-SBMS-RestTemplate] [main] ConfigServletWebServerApplicationContext : Exception encountered during context initialization - cancelling refresh attempt: org.springframework.beans.factory.BeanCreationException: Error creating bean with name 'entityManagerFactory' defined in class path resource [org/springframework/boot/autoconfigure/orm/jpa/HibernateJpaConfiguration.class]: Failed to initialize dependency 'dataSourceScriptDatabaseInitializer' of LoadTimeWeaverAware bean 'entityManagerFactory': Error creating bean with name 'dataSourceScriptDatabaseInitializer' defined in class path resource [org/springframework/boot/autoconfigure/sql/init/DataSourceInitializationConfiguration.class]: Unsatisfied dependency expressed through method 'dataSourceScriptDatabaseInitializer' parameter 0: Error creating bean with name 'dataSource' defined in class path resource [org/springframework/boot/autoconfigure/jdbc/DataSourceConfiguration$Hikari.class]: Failed to instantiate [com.zaxxer.hikari.HikariDataSource]: Factory method 'dataSource' threw exception with message: Failed to determine a suitable driver class
2025-04-16T07:42:10.545+05:30  INFO 24856 --- [51-SBMS-RestTemplate] [main] o.apache.catalina.core.StandardService   : Stopping service [Tomcat]
2025-04-16T07:42:10.694+05:30  INFO 24856 --- [51-SBMS-RestTemplate] [main] .s.b.a.l.ConditionEvaluationReportLogger : 

Error starting ApplicationContext. To display the condition evaluation report re-run your application with 'debug' enabled.
2025-04-16T07:42:10.758+05:30 ERROR 24856 --- [51-SBMS-RestTemplate] [main] o.s.b.d.LoggingFailureAnalysisReporter   : 

***************************
APPLICATION FAILED TO START
***************************

Description:

Failed to configure a DataSource: 'url' attribute is not specified and no embedded datasource could be configured.

Reason: Failed to determine a suitable driver class


Action:

Consider the following:
	If you want an embedded database (H2, HSQL or Derby), please put it on the classpath.
	If you have database settings to be loaded from a particular profile you may need to activate it (no profiles are currently active).

2025-04-16T07:43:39.647+05:30  INFO 22884 --- [51-SBMS-RestTemplate] [main] com.naveen.Application                   : Starting Application using Java 20.0.1 with PID 22884 (F:\SBMS\SBMS-GIT\SBMS\51-SBMS-RestTemplate\target\classes started by Jadi kumar in F:\SBMS\SBMS-GIT\SBMS\51-SBMS-RestTemplate)
2025-04-16T07:43:39.658+05:30  INFO 22884 --- [51-SBMS-RestTemplate] [main] com.naveen.Application                   : No active profile set, falling back to 1 default profile: "default"
2025-04-16T07:43:41.398+05:30  INFO 22884 --- [51-SBMS-RestTemplate] [main] .s.d.r.c.RepositoryConfigurationDelegate : Bootstrapping Spring Data JPA repositories in DEFAULT mode.
2025-04-16T07:43:41.489+05:30  INFO 22884 --- [51-SBMS-RestTemplate] [main] .s.d.r.c.RepositoryConfigurationDelegate : Finished Spring Data repository scanning in 42 ms. Found 0 JPA repository interfaces.
2025-04-16T07:43:43.316+05:30  INFO 22884 --- [51-SBMS-RestTemplate] [main] o.s.b.w.embedded.tomcat.TomcatWebServer  : Tomcat initialized with port 8080 (http)
2025-04-16T07:43:43.354+05:30  INFO 22884 --- [51-SBMS-RestTemplate] [main] o.apache.catalina.core.StandardService   : Starting service [Tomcat]
2025-04-16T07:43:43.355+05:30  INFO 22884 --- [51-SBMS-RestTemplate] [main] o.apache.catalina.core.StandardEngine    : Starting Servlet engine: [Apache Tomcat/10.1.39]
2025-04-16T07:43:43.508+05:30  INFO 22884 --- [51-SBMS-RestTemplate] [main] o.a.c.c.C.[Tomcat].[localhost].[/]       : Initializing Spring embedded WebApplicationContext
2025-04-16T07:43:43.508+05:30  INFO 22884 --- [51-SBMS-RestTemplate] [main] w.s.c.ServletWebServerApplicationContext : Root WebApplicationContext: initialization completed in 3737 ms
2025-04-16T07:43:44.002+05:30  INFO 22884 --- [51-SBMS-RestTemplate] [main] o.hibernate.jpa.internal.util.LogHelper  : HHH000204: Processing PersistenceUnitInfo [name: default]
2025-04-16T07:43:44.180+05:30  INFO 22884 --- [51-SBMS-RestTemplate] [main] org.hibernate.Version                    : HHH000412: Hibernate ORM core version 6.6.11.Final
2025-04-16T07:43:44.276+05:30  INFO 22884 --- [51-SBMS-RestTemplate] [main] o.h.c.internal.RegionFactoryInitiator    : HHH000026: Second-level cache disabled
2025-04-16T07:43:45.412+05:30  INFO 22884 --- [51-SBMS-RestTemplate] [main] o.s.o.j.p.SpringPersistenceUnitInfo      : No LoadTimeWeaver setup: ignoring JPA class transformer
2025-04-16T07:43:45.474+05:30  INFO 22884 --- [51-SBMS-RestTemplate] [main] com.zaxxer.hikari.HikariDataSource       : HikariPool-1 - Starting...
2025-04-16T07:43:46.533+05:30  INFO 22884 --- [51-SBMS-RestTemplate] [main] com.zaxxer.hikari.pool.HikariPool        : HikariPool-1 - Added connection com.mysql.cj.jdbc.ConnectionImpl@510e4d79
2025-04-16T07:43:46.545+05:30  INFO 22884 --- [51-SBMS-RestTemplate] [main] com.zaxxer.hikari.HikariDataSource       : HikariPool-1 - Start completed.
2025-04-16T07:43:46.833+05:30  WARN 22884 --- [51-SBMS-RestTemplate] [main] org.hibernate.orm.deprecation            : HHH90000025: MySQL8Dialect does not need to be specified explicitly using 'hibernate.dialect' (remove the property setting and it will be selected by default)
2025-04-16T07:43:46.837+05:30  WARN 22884 --- [51-SBMS-RestTemplate] [main] org.hibernate.orm.deprecation            : HHH90000026: MySQL8Dialect has been deprecated; use org.hibernate.dialect.MySQLDialect instead
2025-04-16T07:43:46.949+05:30  INFO 22884 --- [51-SBMS-RestTemplate] [main] org.hibernate.orm.connections.pooling    : HHH10001005: Database info:
	Database JDBC URL [Connecting through datasource 'HikariDataSource (HikariPool-1)']
	Database driver: undefined/unknown
	Database version: 8.0
	Autocommit mode: undefined/unknown
	Isolation level: undefined/unknown
	Minimum pool size: undefined/unknown
	Maximum pool size: undefined/unknown
2025-04-16T07:43:47.875+05:30  INFO 22884 --- [51-SBMS-RestTemplate] [main] o.h.e.t.j.p.i.JtaPlatformInitiator       : HHH000489: No JTA platform available (set 'hibernate.transaction.jta.platform' to enable JTA platform integration)
2025-04-16T07:43:47.895+05:30  INFO 22884 --- [51-SBMS-RestTemplate] [main] j.LocalContainerEntityManagerFactoryBean : Initialized JPA EntityManagerFactory for persistence unit 'default'
2025-04-16T07:43:48.292+05:30  WARN 22884 --- [51-SBMS-RestTemplate] [main] JpaBaseConfiguration$JpaWebConfiguration : spring.jpa.open-in-view is enabled by default. Therefore, database queries may be performed during view rendering. Explicitly configure spring.jpa.open-in-view to disable this warning
2025-04-16T07:43:48.504+05:30  WARN 22884 --- [51-SBMS-RestTemplate] [main] ConfigServletWebServerApplicationContext : Exception encountered during context initialization - cancelling refresh attempt: org.springframework.beans.factory.BeanCreationException: Error creating bean with name 'requestMappingHandlerMapping' defined in class path resource [org/springframework/boot/autoconfigure/web/servlet/WebMvcAutoConfiguration$EnableWebMvcConfiguration.class]: Ambiguous mapping. Cannot map 'webClientController' method 
com.naveen.controller.WebClientController#fetchData()
to {GET [/api/fetch-data]}: There is already 'restTemplateController' bean method
com.naveen.controller.RestTemplateController#fetchData() mapped.
2025-04-16T07:43:48.505+05:30  INFO 22884 --- [51-SBMS-RestTemplate] [main] j.LocalContainerEntityManagerFactoryBean : Closing JPA EntityManagerFactory for persistence unit 'default'
2025-04-16T07:43:48.511+05:30  INFO 22884 --- [51-SBMS-RestTemplate] [main] com.zaxxer.hikari.HikariDataSource       : HikariPool-1 - Shutdown initiated...
2025-04-16T07:43:48.535+05:30  INFO 22884 --- [51-SBMS-RestTemplate] [main] com.zaxxer.hikari.HikariDataSource       : HikariPool-1 - Shutdown completed.
2025-04-16T07:43:48.542+05:30  INFO 22884 --- [51-SBMS-RestTemplate] [main] o.apache.catalina.core.StandardService   : Stopping service [Tomcat]
2025-04-16T07:43:48.674+05:30  INFO 22884 --- [51-SBMS-RestTemplate] [main] .s.b.a.l.ConditionEvaluationReportLogger : 

Error starting ApplicationContext. To display the condition evaluation report re-run your application with 'debug' enabled.
2025-04-16T07:43:48.709+05:30 ERROR 22884 --- [51-SBMS-RestTemplate] [main] o.s.boot.SpringApplication               : Application run failed

org.springframework.beans.factory.BeanCreationException: Error creating bean with name 'requestMappingHandlerMapping' defined in class path resource [org/springframework/boot/autoconfigure/web/servlet/WebMvcAutoConfiguration$EnableWebMvcConfiguration.class]: Ambiguous mapping. Cannot map 'webClientController' method 
com.naveen.controller.WebClientController#fetchData()
to {GET [/api/fetch-data]}: There is already 'restTemplateController' bean method
com.naveen.controller.RestTemplateController#fetchData() mapped.
	at org.springframework.beans.factory.support.AbstractAutowireCapableBeanFactory.initializeBean(AbstractAutowireCapableBeanFactory.java:1812) ~[spring-beans-6.2.5.jar:6.2.5]
	at org.springframework.beans.factory.support.AbstractAutowireCapableBeanFactory.doCreateBean(AbstractAutowireCapableBeanFactory.java:601) ~[spring-beans-6.2.5.jar:6.2.5]
	at org.springframework.beans.factory.support.AbstractAutowireCapableBeanFactory.createBean(AbstractAutowireCapableBeanFactory.java:523) ~[spring-beans-6.2.5.jar:6.2.5]
	at org.springframework.beans.factory.support.AbstractBeanFactory.lambda$doGetBean$0(AbstractBeanFactory.java:339) ~[spring-beans-6.2.5.jar:6.2.5]
	at org.springframework.beans.factory.support.DefaultSingletonBeanRegistry.getSingleton(DefaultSingletonBeanRegistry.java:347) ~[spring-beans-6.2.5.jar:6.2.5]
	at org.springframework.beans.factory.support.AbstractBeanFactory.doGetBean(AbstractBeanFactory.java:337) ~[spring-beans-6.2.5.jar:6.2.5]
	at org.springframework.beans.factory.support.AbstractBeanFactory.getBean(AbstractBeanFactory.java:202) ~[spring-beans-6.2.5.jar:6.2.5]
	at org.springframework.beans.factory.support.DefaultListableBeanFactory.instantiateSingleton(DefaultListableBeanFactory.java:1155) ~[spring-beans-6.2.5.jar:6.2.5]
	at org.springframework.beans.factory.support.DefaultListableBeanFactory.preInstantiateSingleton(DefaultListableBeanFactory.java:1121) ~[spring-beans-6.2.5.jar:6.2.5]
	at org.springframework.beans.factory.support.DefaultListableBeanFactory.preInstantiateSingletons(DefaultListableBeanFactory.java:1056) ~[spring-beans-6.2.5.jar:6.2.5]
	at org.springframework.context.support.AbstractApplicationContext.finishBeanFactoryInitialization(AbstractApplicationContext.java:987) ~[spring-context-6.2.5.jar:6.2.5]
	at org.springframework.context.support.AbstractApplicationContext.refresh(AbstractApplicationContext.java:627) ~[spring-context-6.2.5.jar:6.2.5]
	at org.springframework.boot.web.servlet.context.ServletWebServerApplicationContext.refresh(ServletWebServerApplicationContext.java:146) ~[spring-boot-3.4.4.jar:3.4.4]
	at org.springframework.boot.SpringApplication.refresh(SpringApplication.java:752) ~[spring-boot-3.4.4.jar:3.4.4]
	at org.springframework.boot.SpringApplication.refreshContext(SpringApplication.java:439) ~[spring-boot-3.4.4.jar:3.4.4]
	at org.springframework.boot.SpringApplication.run(SpringApplication.java:318) ~[spring-boot-3.4.4.jar:3.4.4]
	at org.springframework.boot.SpringApplication.run(SpringApplication.java:1361) ~[spring-boot-3.4.4.jar:3.4.4]
	at org.springframework.boot.SpringApplication.run(SpringApplication.java:1350) ~[spring-boot-3.4.4.jar:3.4.4]
	at com.naveen.Application.main(Application.java:10) ~[classes/:na]
Caused by: java.lang.IllegalStateException: Ambiguous mapping. Cannot map 'webClientController' method 
com.naveen.controller.WebClientController#fetchData()
to {GET [/api/fetch-data]}: There is already 'restTemplateController' bean method
com.naveen.controller.RestTemplateController#fetchData() mapped.
	at org.springframework.web.servlet.handler.AbstractHandlerMethodMapping$MappingRegistry.validateMethodMapping(AbstractHandlerMethodMapping.java:676) ~[spring-webmvc-6.2.5.jar:6.2.5]
	at org.springframework.web.servlet.handler.AbstractHandlerMethodMapping$MappingRegistry.register(AbstractHandlerMethodMapping.java:637) ~[spring-webmvc-6.2.5.jar:6.2.5]
	at org.springframework.web.servlet.handler.AbstractHandlerMethodMapping.registerHandlerMethod(AbstractHandlerMethodMapping.java:331) ~[spring-webmvc-6.2.5.jar:6.2.5]
	at org.springframework.web.servlet.mvc.method.annotation.RequestMappingHandlerMapping.registerHandlerMethod(RequestMappingHandlerMapping.java:509) ~[spring-webmvc-6.2.5.jar:6.2.5]
	at org.springframework.web.servlet.mvc.method.annotation.RequestMappingHandlerMapping.registerHandlerMethod(RequestMappingHandlerMapping.java:84) ~[spring-webmvc-6.2.5.jar:6.2.5]
	at org.springframework.web.servlet.handler.AbstractHandlerMethodMapping.lambda$detectHandlerMethods$2(AbstractHandlerMethodMapping.java:298) ~[spring-webmvc-6.2.5.jar:6.2.5]
	at java.base/java.util.LinkedHashMap.forEach(LinkedHashMap.java:729) ~[na:na]
	at org.springframework.web.servlet.handler.AbstractHandlerMethodMapping.detectHandlerMethods(AbstractHandlerMethodMapping.java:296) ~[spring-webmvc-6.2.5.jar:6.2.5]
	at org.springframework.web.servlet.handler.AbstractHandlerMethodMapping.processCandidateBean(AbstractHandlerMethodMapping.java:265) ~[spring-webmvc-6.2.5.jar:6.2.5]
	at org.springframework.web.servlet.handler.AbstractHandlerMethodMapping.initHandlerMethods(AbstractHandlerMethodMapping.java:224) ~[spring-webmvc-6.2.5.jar:6.2.5]
	at org.springframework.web.servlet.handler.AbstractHandlerMethodMapping.afterPropertiesSet(AbstractHandlerMethodMapping.java:212) ~[spring-webmvc-6.2.5.jar:6.2.5]
	at org.springframework.web.servlet.mvc.method.annotation.RequestMappingHandlerMapping.afterPropertiesSet(RequestMappingHandlerMapping.java:239) ~[spring-webmvc-6.2.5.jar:6.2.5]
	at org.springframework.beans.factory.support.AbstractAutowireCapableBeanFactory.invokeInitMethods(AbstractAutowireCapableBeanFactory.java:1859) ~[spring-beans-6.2.5.jar:6.2.5]
	at org.springframework.beans.factory.support.AbstractAutowireCapableBeanFactory.initializeBean(AbstractAutowireCapableBeanFactory.java:1808) ~[spring-beans-6.2.5.jar:6.2.5]
	... 18 common frames omitted

2025-04-16T07:44:19.755+05:30  INFO 24736 --- [51-SBMS-RestTemplate] [main] com.naveen.Application                   : Starting Application using Java 20.0.1 with PID 24736 (F:\SBMS\SBMS-GIT\SBMS\51-SBMS-RestTemplate\target\classes started by Jadi kumar in F:\SBMS\SBMS-GIT\SBMS\51-SBMS-RestTemplate)
2025-04-16T07:44:19.764+05:30  INFO 24736 --- [51-SBMS-RestTemplate] [main] com.naveen.Application                   : No active profile set, falling back to 1 default profile: "default"
2025-04-16T07:44:21.432+05:30  INFO 24736 --- [51-SBMS-RestTemplate] [main] .s.d.r.c.RepositoryConfigurationDelegate : Bootstrapping Spring Data JPA repositories in DEFAULT mode.
2025-04-16T07:44:21.499+05:30  INFO 24736 --- [51-SBMS-RestTemplate] [main] .s.d.r.c.RepositoryConfigurationDelegate : Finished Spring Data repository scanning in 35 ms. Found 0 JPA repository interfaces.
2025-04-16T07:44:23.047+05:30  INFO 24736 --- [51-SBMS-RestTemplate] [main] o.s.b.w.embedded.tomcat.TomcatWebServer  : Tomcat initialized with port 8080 (http)
2025-04-16T07:44:23.123+05:30  INFO 24736 --- [51-SBMS-RestTemplate] [main] o.apache.catalina.core.StandardService   : Starting service [Tomcat]
2025-04-16T07:44:23.125+05:30  INFO 24736 --- [51-SBMS-RestTemplate] [main] o.apache.catalina.core.StandardEngine    : Starting Servlet engine: [Apache Tomcat/10.1.39]
2025-04-16T07:44:23.250+05:30  INFO 24736 --- [51-SBMS-RestTemplate] [main] o.a.c.c.C.[Tomcat].[localhost].[/]       : Initializing Spring embedded WebApplicationContext
2025-04-16T07:44:23.251+05:30  INFO 24736 --- [51-SBMS-RestTemplate] [main] w.s.c.ServletWebServerApplicationContext : Root WebApplicationContext: initialization completed in 3375 ms
2025-04-16T07:44:23.660+05:30  INFO 24736 --- [51-SBMS-RestTemplate] [main] o.hibernate.jpa.internal.util.LogHelper  : HHH000204: Processing PersistenceUnitInfo [name: default]
2025-04-16T07:44:23.789+05:30  INFO 24736 --- [51-SBMS-RestTemplate] [main] org.hibernate.Version                    : HHH000412: Hibernate ORM core version 6.6.11.Final
2025-04-16T07:44:23.878+05:30  INFO 24736 --- [51-SBMS-RestTemplate] [main] o.h.c.internal.RegionFactoryInitiator    : HHH000026: Second-level cache disabled
2025-04-16T07:44:24.391+05:30  INFO 24736 --- [51-SBMS-RestTemplate] [main] o.s.o.j.p.SpringPersistenceUnitInfo      : No LoadTimeWeaver setup: ignoring JPA class transformer
2025-04-16T07:44:24.463+05:30  INFO 24736 --- [51-SBMS-RestTemplate] [main] com.zaxxer.hikari.HikariDataSource       : HikariPool-1 - Starting...
2025-04-16T07:44:25.194+05:30  INFO 24736 --- [51-SBMS-RestTemplate] [main] com.zaxxer.hikari.pool.HikariPool        : HikariPool-1 - Added connection com.mysql.cj.jdbc.ConnectionImpl@1bc6c20d
2025-04-16T07:44:25.200+05:30  INFO 24736 --- [51-SBMS-RestTemplate] [main] com.zaxxer.hikari.HikariDataSource       : HikariPool-1 - Start completed.
2025-04-16T07:44:25.303+05:30  WARN 24736 --- [51-SBMS-RestTemplate] [main] org.hibernate.orm.deprecation            : HHH90000025: MySQL8Dialect does not need to be specified explicitly using 'hibernate.dialect' (remove the property setting and it will be selected by default)
2025-04-16T07:44:25.307+05:30  WARN 24736 --- [51-SBMS-RestTemplate] [main] org.hibernate.orm.deprecation            : HHH90000026: MySQL8Dialect has been deprecated; use org.hibernate.dialect.MySQLDialect instead
2025-04-16T07:44:25.372+05:30  INFO 24736 --- [51-SBMS-RestTemplate] [main] org.hibernate.orm.connections.pooling    : HHH10001005: Database info:
	Database JDBC URL [Connecting through datasource 'HikariDataSource (HikariPool-1)']
	Database driver: undefined/unknown
	Database version: 8.0
	Autocommit mode: undefined/unknown
	Isolation level: undefined/unknown
	Minimum pool size: undefined/unknown
	Maximum pool size: undefined/unknown
2025-04-16T07:44:25.948+05:30  INFO 24736 --- [51-SBMS-RestTemplate] [main] o.h.e.t.j.p.i.JtaPlatformInitiator       : HHH000489: No JTA platform available (set 'hibernate.transaction.jta.platform' to enable JTA platform integration)
2025-04-16T07:44:25.964+05:30  INFO 24736 --- [51-SBMS-RestTemplate] [main] j.LocalContainerEntityManagerFactoryBean : Initialized JPA EntityManagerFactory for persistence unit 'default'
2025-04-16T07:44:26.279+05:30  WARN 24736 --- [51-SBMS-RestTemplate] [main] JpaBaseConfiguration$JpaWebConfiguration : spring.jpa.open-in-view is enabled by default. Therefore, database queries may be performed during view rendering. Explicitly configure spring.jpa.open-in-view to disable this warning
2025-04-16T07:44:26.504+05:30  WARN 24736 --- [51-SBMS-RestTemplate] [main] ConfigServletWebServerApplicationContext : Exception encountered during context initialization - cancelling refresh attempt: org.springframework.beans.factory.BeanCreationException: Error creating bean with name 'requestMappingHandlerMapping' defined in class path resource [org/springframework/boot/autoconfigure/web/servlet/WebMvcAutoConfiguration$EnableWebMvcConfiguration.class]: Ambiguous mapping. Cannot map 'webClientController' method 
com.naveen.controller.WebClientController#deletePost(int)
to {DELETE [/api/delete-post/{id}]}: There is already 'restTemplateController' bean method
com.naveen.controller.RestTemplateController#deletePost(int) mapped.
2025-04-16T07:44:26.505+05:30  INFO 24736 --- [51-SBMS-RestTemplate] [main] j.LocalContainerEntityManagerFactoryBean : Closing JPA EntityManagerFactory for persistence unit 'default'
2025-04-16T07:44:26.517+05:30  INFO 24736 --- [51-SBMS-RestTemplate] [main] com.zaxxer.hikari.HikariDataSource       : HikariPool-1 - Shutdown initiated...
2025-04-16T07:44:26.540+05:30  INFO 24736 --- [51-SBMS-RestTemplate] [main] com.zaxxer.hikari.HikariDataSource       : HikariPool-1 - Shutdown completed.
2025-04-16T07:44:26.546+05:30  INFO 24736 --- [51-SBMS-RestTemplate] [main] o.apache.catalina.core.StandardService   : Stopping service [Tomcat]
2025-04-16T07:44:26.573+05:30  INFO 24736 --- [51-SBMS-RestTemplate] [main] .s.b.a.l.ConditionEvaluationReportLogger : 

Error starting ApplicationContext. To display the condition evaluation report re-run your application with 'debug' enabled.
2025-04-16T07:44:26.646+05:30 ERROR 24736 --- [51-SBMS-RestTemplate] [main] o.s.boot.SpringApplication               : Application run failed

org.springframework.beans.factory.BeanCreationException: Error creating bean with name 'requestMappingHandlerMapping' defined in class path resource [org/springframework/boot/autoconfigure/web/servlet/WebMvcAutoConfiguration$EnableWebMvcConfiguration.class]: Ambiguous mapping. Cannot map 'webClientController' method 
com.naveen.controller.WebClientController#deletePost(int)
to {DELETE [/api/delete-post/{id}]}: There is already 'restTemplateController' bean method
com.naveen.controller.RestTemplateController#deletePost(int) mapped.
	at org.springframework.beans.factory.support.AbstractAutowireCapableBeanFactory.initializeBean(AbstractAutowireCapableBeanFactory.java:1812) ~[spring-beans-6.2.5.jar:6.2.5]
	at org.springframework.beans.factory.support.AbstractAutowireCapableBeanFactory.doCreateBean(AbstractAutowireCapableBeanFactory.java:601) ~[spring-beans-6.2.5.jar:6.2.5]
	at org.springframework.beans.factory.support.AbstractAutowireCapableBeanFactory.createBean(AbstractAutowireCapableBeanFactory.java:523) ~[spring-beans-6.2.5.jar:6.2.5]
	at org.springframework.beans.factory.support.AbstractBeanFactory.lambda$doGetBean$0(AbstractBeanFactory.java:339) ~[spring-beans-6.2.5.jar:6.2.5]
	at org.springframework.beans.factory.support.DefaultSingletonBeanRegistry.getSingleton(DefaultSingletonBeanRegistry.java:347) ~[spring-beans-6.2.5.jar:6.2.5]
	at org.springframework.beans.factory.support.AbstractBeanFactory.doGetBean(AbstractBeanFactory.java:337) ~[spring-beans-6.2.5.jar:6.2.5]
	at org.springframework.beans.factory.support.AbstractBeanFactory.getBean(AbstractBeanFactory.java:202) ~[spring-beans-6.2.5.jar:6.2.5]
	at org.springframework.beans.factory.support.DefaultListableBeanFactory.instantiateSingleton(DefaultListableBeanFactory.java:1155) ~[spring-beans-6.2.5.jar:6.2.5]
	at org.springframework.beans.factory.support.DefaultListableBeanFactory.preInstantiateSingleton(DefaultListableBeanFactory.java:1121) ~[spring-beans-6.2.5.jar:6.2.5]
	at org.springframework.beans.factory.support.DefaultListableBeanFactory.preInstantiateSingletons(DefaultListableBeanFactory.java:1056) ~[spring-beans-6.2.5.jar:6.2.5]
	at org.springframework.context.support.AbstractApplicationContext.finishBeanFactoryInitialization(AbstractApplicationContext.java:987) ~[spring-context-6.2.5.jar:6.2.5]
	at org.springframework.context.support.AbstractApplicationContext.refresh(AbstractApplicationContext.java:627) ~[spring-context-6.2.5.jar:6.2.5]
	at org.springframework.boot.web.servlet.context.ServletWebServerApplicationContext.refresh(ServletWebServerApplicationContext.java:146) ~[spring-boot-3.4.4.jar:3.4.4]
	at org.springframework.boot.SpringApplication.refresh(SpringApplication.java:752) ~[spring-boot-3.4.4.jar:3.4.4]
	at org.springframework.boot.SpringApplication.refreshContext(SpringApplication.java:439) ~[spring-boot-3.4.4.jar:3.4.4]
	at org.springframework.boot.SpringApplication.run(SpringApplication.java:318) ~[spring-boot-3.4.4.jar:3.4.4]
	at org.springframework.boot.SpringApplication.run(SpringApplication.java:1361) ~[spring-boot-3.4.4.jar:3.4.4]
	at org.springframework.boot.SpringApplication.run(SpringApplication.java:1350) ~[spring-boot-3.4.4.jar:3.4.4]
	at com.naveen.Application.main(Application.java:10) ~[classes/:na]
Caused by: java.lang.IllegalStateException: Ambiguous mapping. Cannot map 'webClientController' method 
com.naveen.controller.WebClientController#deletePost(int)
to {DELETE [/api/delete-post/{id}]}: There is already 'restTemplateController' bean method
com.naveen.controller.RestTemplateController#deletePost(int) mapped.
	at org.springframework.web.servlet.handler.AbstractHandlerMethodMapping$MappingRegistry.validateMethodMapping(AbstractHandlerMethodMapping.java:676) ~[spring-webmvc-6.2.5.jar:6.2.5]
	at org.springframework.web.servlet.handler.AbstractHandlerMethodMapping$MappingRegistry.register(AbstractHandlerMethodMapping.java:637) ~[spring-webmvc-6.2.5.jar:6.2.5]
	at org.springframework.web.servlet.handler.AbstractHandlerMethodMapping.registerHandlerMethod(AbstractHandlerMethodMapping.java:331) ~[spring-webmvc-6.2.5.jar:6.2.5]
	at org.springframework.web.servlet.mvc.method.annotation.RequestMappingHandlerMapping.registerHandlerMethod(RequestMappingHandlerMapping.java:509) ~[spring-webmvc-6.2.5.jar:6.2.5]
	at org.springframework.web.servlet.mvc.method.annotation.RequestMappingHandlerMapping.registerHandlerMethod(RequestMappingHandlerMapping.java:84) ~[spring-webmvc-6.2.5.jar:6.2.5]
	at org.springframework.web.servlet.handler.AbstractHandlerMethodMapping.lambda$detectHandlerMethods$2(AbstractHandlerMethodMapping.java:298) ~[spring-webmvc-6.2.5.jar:6.2.5]
	at java.base/java.util.LinkedHashMap.forEach(LinkedHashMap.java:729) ~[na:na]
	at org.springframework.web.servlet.handler.AbstractHandlerMethodMapping.detectHandlerMethods(AbstractHandlerMethodMapping.java:296) ~[spring-webmvc-6.2.5.jar:6.2.5]
	at org.springframework.web.servlet.handler.AbstractHandlerMethodMapping.processCandidateBean(AbstractHandlerMethodMapping.java:265) ~[spring-webmvc-6.2.5.jar:6.2.5]
	at org.springframework.web.servlet.handler.AbstractHandlerMethodMapping.initHandlerMethods(AbstractHandlerMethodMapping.java:224) ~[spring-webmvc-6.2.5.jar:6.2.5]
	at org.springframework.web.servlet.handler.AbstractHandlerMethodMapping.afterPropertiesSet(AbstractHandlerMethodMapping.java:212) ~[spring-webmvc-6.2.5.jar:6.2.5]
	at org.springframework.web.servlet.mvc.method.annotation.RequestMappingHandlerMapping.afterPropertiesSet(RequestMappingHandlerMapping.java:239) ~[spring-webmvc-6.2.5.jar:6.2.5]
	at org.springframework.beans.factory.support.AbstractAutowireCapableBeanFactory.invokeInitMethods(AbstractAutowireCapableBeanFactory.java:1859) ~[spring-beans-6.2.5.jar:6.2.5]
	at org.springframework.beans.factory.support.AbstractAutowireCapableBeanFactory.initializeBean(AbstractAutowireCapableBeanFactory.java:1808) ~[spring-beans-6.2.5.jar:6.2.5]
	... 18 common frames omitted

2025-04-16 08:04:35 - Starting Application using Java 20.0.1 with PID 21044 (F:\SBMS\SBMS-GIT\SBMS\51-SBMS-RestTemplate\target\classes started by Jadi kumar in F:\SBMS\SBMS-GIT\SBMS\51-SBMS-RestTemplate)
2025-04-16 08:04:35 - No active profile set, falling back to 1 default profile: "default"
2025-04-16 08:04:36 - Bootstrapping Spring Data JPA repositories in DEFAULT mode.
2025-04-16 08:04:36 - Finished Spring Data repository scanning in 14 ms. Found 0 JPA repository interfaces.
2025-04-16 08:04:37 - Tomcat initialized with port 8080 (http)
2025-04-16 08:04:37 - Initializing ProtocolHandler ["http-nio-8080"]
2025-04-16 08:04:37 - Starting service [Tomcat]
2025-04-16 08:04:37 - Starting Servlet engine: [Apache Tomcat/10.1.39]
2025-04-16 08:04:37 - Initializing Spring embedded WebApplicationContext
2025-04-16 08:04:37 - Root WebApplicationContext: initialization completed in 2061 ms
2025-04-16 08:04:37 - HHH000204: Processing PersistenceUnitInfo [name: default]
2025-04-16 08:04:37 - HHH000412: Hibernate ORM core version 6.6.11.Final
2025-04-16 08:04:37 - HHH000026: Second-level cache disabled
2025-04-16 08:04:38 - No LoadTimeWeaver setup: ignoring JPA class transformer
2025-04-16 08:04:38 - HikariPool-1 - Starting...
2025-04-16 08:04:39 - HikariPool-1 - Added connection com.mysql.cj.jdbc.ConnectionImpl@257b3561
2025-04-16 08:04:39 - HikariPool-1 - Start completed.
2025-04-16 08:04:39 - HHH10001005: Database info:
	Database JDBC URL [Connecting through datasource 'HikariDataSource (HikariPool-1)']
	Database driver: undefined/unknown
	Database version: 8.0.31
	Autocommit mode: undefined/unknown
	Isolation level: undefined/unknown
	Minimum pool size: undefined/unknown
	Maximum pool size: undefined/unknown
2025-04-16 08:04:39 - HHH000489: No JTA platform available (set 'hibernate.transaction.jta.platform' to enable JTA platform integration)
2025-04-16 08:04:39 - Initialized JPA EntityManagerFactory for persistence unit 'default'
2025-04-16 08:04:40 - spring.jpa.open-in-view is enabled by default. Therefore, database queries may be performed during view rendering. Explicitly configure spring.jpa.open-in-view to disable this warning
2025-04-16 08:04:40 - Starting ProtocolHandler ["http-nio-8080"]
2025-04-16 08:04:40 - Tomcat started on port 8080 (http) with context path '/'
2025-04-16 08:04:40 - Started Application in 7.053 seconds (process running for 8.413)
2025-04-16 08:08:02 - Application shutdown requested.
2025-04-16 08:08:02 - Commencing graceful shutdown. Waiting for active requests to complete
2025-04-16 08:08:02 - Pausing ProtocolHandler ["http-nio-8080"]
2025-04-16 08:08:02 - Graceful shutdown complete
2025-04-16 08:08:02 - Stopping ProtocolHandler ["http-nio-8080"]
2025-04-16 08:08:03 - Closing JPA EntityManagerFactory for persistence unit 'default'
2025-04-16 08:08:03 - HikariPool-1 - Shutdown initiated...
2025-04-16 08:08:03 - HikariPool-1 - Shutdown completed.
2025-04-16 08:08:20 - Starting Application using Java 20.0.1 with PID 10364 (F:\SBMS\SBMS-GIT\SBMS\51-SBMS-RestTemplate\target\classes started by Jadi kumar in F:\SBMS\SBMS-GIT\SBMS\51-SBMS-RestTemplate)
2025-04-16 08:08:20 - No active profile set, falling back to 1 default profile: "default"
2025-04-16 08:08:21 - Bootstrapping Spring Data JPA repositories in DEFAULT mode.
2025-04-16 08:08:21 - Finished Spring Data repository scanning in 22 ms. Found 0 JPA repository interfaces.
2025-04-16 08:08:22 - Tomcat initialized with port 8080 (http)
2025-04-16 08:08:22 - Initializing ProtocolHandler ["http-nio-8080"]
2025-04-16 08:08:22 - Starting service [Tomcat]
2025-04-16 08:08:22 - Starting Servlet engine: [Apache Tomcat/10.1.39]
2025-04-16 08:08:22 - Initializing Spring embedded WebApplicationContext
2025-04-16 08:08:22 - Root WebApplicationContext: initialization completed in 2289 ms
2025-04-16 08:08:22 - HHH000204: Processing PersistenceUnitInfo [name: default]
2025-04-16 08:08:23 - HHH000412: Hibernate ORM core version 6.6.11.Final
2025-04-16 08:08:23 - HHH000026: Second-level cache disabled
2025-04-16 08:08:23 - No LoadTimeWeaver setup: ignoring JPA class transformer
2025-04-16 08:08:23 - HikariPool-1 - Starting...
2025-04-16 08:08:24 - HikariPool-1 - Added connection com.mysql.cj.jdbc.ConnectionImpl@51df2a41
2025-04-16 08:08:24 - HikariPool-1 - Start completed.
2025-04-16 08:08:24 - HHH10001005: Database info:
	Database JDBC URL [Connecting through datasource 'HikariDataSource (HikariPool-1)']
	Database driver: undefined/unknown
	Database version: 8.0.31
	Autocommit mode: undefined/unknown
	Isolation level: undefined/unknown
	Minimum pool size: undefined/unknown
	Maximum pool size: undefined/unknown
2025-04-16 08:08:25 - HHH000489: No JTA platform available (set 'hibernate.transaction.jta.platform' to enable JTA platform integration)
2025-04-16 08:08:25 - Initialized JPA EntityManagerFactory for persistence unit 'default'
2025-04-16 08:08:25 - spring.jpa.open-in-view is enabled by default. Therefore, database queries may be performed during view rendering. Explicitly configure spring.jpa.open-in-view to disable this warning
2025-04-16 08:08:26 - Starting ProtocolHandler ["http-nio-8080"]
2025-04-16 08:08:26 - Tomcat started on port 8080 (http) with context path '/'
2025-04-16 08:08:26 - Started Application in 6.628 seconds (process running for 7.669)
2025-04-16 08:10:20 - Application shutdown requested.
2025-04-16 08:10:20 - Commencing graceful shutdown. Waiting for active requests to complete
2025-04-16 08:10:20 - Pausing ProtocolHandler ["http-nio-8080"]
2025-04-16 08:10:20 - Graceful shutdown complete
2025-04-16 08:10:20 - Stopping ProtocolHandler ["http-nio-8080"]
2025-04-16 08:10:20 - Closing JPA EntityManagerFactory for persistence unit 'default'
2025-04-16 08:10:20 - HikariPool-1 - Shutdown initiated...
2025-04-16 08:10:20 - HikariPool-1 - Shutdown completed.
2025-04-16 08:10:39 - Starting Application using Java 20.0.1 with PID 21972 (F:\SBMS\SBMS-GIT\SBMS\51-SBMS-RestTemplate\target\classes started by Jadi kumar in F:\SBMS\SBMS-GIT\SBMS\51-SBMS-RestTemplate)
2025-04-16 08:10:39 - No active profile set, falling back to 1 default profile: "default"
2025-04-16 08:10:40 - Bootstrapping Spring Data JPA repositories in DEFAULT mode.
2025-04-16 08:10:40 - Finished Spring Data repository scanning in 16 ms. Found 0 JPA repository interfaces.
2025-04-16 08:10:40 - Tomcat initialized with port 8080 (http)
2025-04-16 08:10:40 - Initializing ProtocolHandler ["http-nio-8080"]
2025-04-16 08:10:40 - Starting service [Tomcat]
2025-04-16 08:10:40 - Starting Servlet engine: [Apache Tomcat/10.1.39]
2025-04-16 08:10:40 - Initializing Spring embedded WebApplicationContext
2025-04-16 08:10:40 - Root WebApplicationContext: initialization completed in 1732 ms
2025-04-16 08:10:41 - HHH000204: Processing PersistenceUnitInfo [name: default]
2025-04-16 08:10:41 - HHH000412: Hibernate ORM core version 6.6.11.Final
2025-04-16 08:10:41 - HHH000026: Second-level cache disabled
2025-04-16 08:10:41 - No LoadTimeWeaver setup: ignoring JPA class transformer
2025-04-16 08:10:41 - HikariPool-1 - Starting...
2025-04-16 08:10:42 - HikariPool-1 - Added connection com.mysql.cj.jdbc.ConnectionImpl@66a8751a
2025-04-16 08:10:42 - HikariPool-1 - Start completed.
2025-04-16 08:10:42 - HHH10001005: Database info:
	Database JDBC URL [Connecting through datasource 'HikariDataSource (HikariPool-1)']
	Database driver: undefined/unknown
	Database version: 8.0.31
	Autocommit mode: undefined/unknown
	Isolation level: undefined/unknown
	Minimum pool size: undefined/unknown
	Maximum pool size: undefined/unknown
2025-04-16 08:10:43 - HHH000489: No JTA platform available (set 'hibernate.transaction.jta.platform' to enable JTA platform integration)
2025-04-16 08:10:43 - Initialized JPA EntityManagerFactory for persistence unit 'default'
2025-04-16 08:10:43 - spring.jpa.open-in-view is enabled by default. Therefore, database queries may be performed during view rendering. Explicitly configure spring.jpa.open-in-view to disable this warning
2025-04-16 08:10:43 - Starting ProtocolHandler ["http-nio-8080"]
2025-04-16 08:10:43 - Tomcat started on port 8080 (http) with context path '/'
2025-04-16 08:10:43 - Started Application in 5.355 seconds (process running for 6.454)
2025-04-16 08:11:46 - Initializing Spring DispatcherServlet 'dispatcherServlet'
2025-04-16 08:11:46 - Initializing Servlet 'dispatcherServlet'
2025-04-16 08:11:46 - Completed initialization in 2 ms
2025-04-16 08:11:46 - Resolved [org.springframework.web.HttpRequestMethodNotSupportedException: Request method 'POST' is not supported]
2025-04-16 08:11:59 - Application shutdown requested.
2025-04-16 08:11:59 - Commencing graceful shutdown. Waiting for active requests to complete
2025-04-16 08:11:59 - Pausing ProtocolHandler ["http-nio-8080"]
2025-04-16 08:11:59 - Graceful shutdown complete
2025-04-16 08:11:59 - Stopping ProtocolHandler ["http-nio-8080"]
2025-04-16 08:11:59 - Closing JPA EntityManagerFactory for persistence unit 'default'
2025-04-16 08:11:59 - HikariPool-1 - Shutdown initiated...
2025-04-16 08:11:59 - HikariPool-1 - Shutdown completed.
2025-04-16 08:12:59 - Starting Application using Java 20.0.1 with PID 18936 (F:\SBMS\SBMS-GIT\SBMS\51-SBMS-RestTemplate\target\classes started by Jadi kumar in F:\SBMS\SBMS-GIT\SBMS\51-SBMS-RestTemplate)
2025-04-16 08:12:59 - No active profile set, falling back to 1 default profile: "default"
2025-04-16 08:12:59 - Bootstrapping Spring Data JPA repositories in DEFAULT mode.
2025-04-16 08:12:59 - Finished Spring Data repository scanning in 13 ms. Found 0 JPA repository interfaces.
2025-04-16 08:13:00 - Tomcat initialized with port 8080 (http)
2025-04-16 08:13:00 - Initializing ProtocolHandler ["http-nio-8080"]
2025-04-16 08:13:00 - Starting service [Tomcat]
2025-04-16 08:13:00 - Starting Servlet engine: [Apache Tomcat/10.1.39]
2025-04-16 08:13:00 - Initializing Spring embedded WebApplicationContext
2025-04-16 08:13:00 - Root WebApplicationContext: initialization completed in 1401 ms
2025-04-16 08:13:00 - HHH000204: Processing PersistenceUnitInfo [name: default]
2025-04-16 08:13:00 - HHH000412: Hibernate ORM core version 6.6.11.Final
2025-04-16 08:13:00 - HHH000026: Second-level cache disabled
2025-04-16 08:13:01 - No LoadTimeWeaver setup: ignoring JPA class transformer
2025-04-16 08:13:01 - HikariPool-1 - Starting...
2025-04-16 08:13:01 - HikariPool-1 - Added connection com.mysql.cj.jdbc.ConnectionImpl@46e6458d
2025-04-16 08:13:01 - HikariPool-1 - Start completed.
2025-04-16 08:13:01 - HHH10001005: Database info:
	Database JDBC URL [Connecting through datasource 'HikariDataSource (HikariPool-1)']
	Database driver: undefined/unknown
	Database version: 8.0.31
	Autocommit mode: undefined/unknown
	Isolation level: undefined/unknown
	Minimum pool size: undefined/unknown
	Maximum pool size: undefined/unknown
2025-04-16 08:13:01 - HHH000489: No JTA platform available (set 'hibernate.transaction.jta.platform' to enable JTA platform integration)
2025-04-16 08:13:01 - Initialized JPA EntityManagerFactory for persistence unit 'default'
2025-04-16 08:13:02 - spring.jpa.open-in-view is enabled by default. Therefore, database queries may be performed during view rendering. Explicitly configure spring.jpa.open-in-view to disable this warning
2025-04-16 08:13:02 - Starting ProtocolHandler ["http-nio-8080"]
2025-04-16 08:13:02 - Tomcat started on port 8080 (http) with context path '/'
2025-04-16 08:13:02 - Started Application in 4.001 seconds (process running for 4.786)
2025-04-16 08:13:43 - Application shutdown requested.
2025-04-16 08:13:43 - Commencing graceful shutdown. Waiting for active requests to complete
2025-04-16 08:13:43 - Pausing ProtocolHandler ["http-nio-8080"]
2025-04-16 08:13:44 - Graceful shutdown complete
2025-04-16 08:13:44 - Stopping ProtocolHandler ["http-nio-8080"]
2025-04-16 08:13:44 - Closing JPA EntityManagerFactory for persistence unit 'default'
2025-04-16 08:13:44 - HikariPool-1 - Shutdown initiated...
2025-04-16 08:13:44 - HikariPool-1 - Shutdown completed.
